Build started 5/26/2014 3:21:45 PM.
     1>Project "C:\Geometric Modeling\GeoX\windows\GeoX.vcxproj" on node 2 (build target(s)).
     1>InitializeBuildStatus:
         Touching "Debug\GeoX.unsuccessfulbuild".
       CustomBuild:
         All outputs are up-to-date.
       ClCompile:
         All outputs are up-to-date.
         c:\Program Files\Microsoft Visual Studio 10.0\VC\bin\CL.exe /c /I"C:\Geometric Modeling\GeoX\windows\\" /I"C:\Geometric Modeling\GeoX\windows\\.." /I"C:\Geometric Modeling\GeoX\windows\\..\application" /I"C:\Geometric Modeling\GeoX\windows\\..\experiments" /I"C:\Geometric Modeling\GeoX\windows\\..\geoX" /I"C:\Geometric Modeling\GeoX\windows\\..\math" /I"C:\Geometric Modeling\GeoX\windows\\..\system\basics" /I"C:\Geometric Modeling\GeoX\windows\\..\system\gui" /I"C:\Geometric Modeling\GeoX\windows\\..\system\misc" /I"C:\Geometric Modeling\GeoX\windows\\..\system\properties" /I"C:\Geometric Modeling\GeoX\windows\\..\system\streaming" /I"C:\Geometric Modeling\GeoX\windows\\..\viewers\cameraControl" /I"C:\Geometric Modeling\GeoX\windows\\..\viewers\widgets" /ZI /nologo /W3 /WX- /MP /Od /Oy- /D WIN32 /D _DEBUG /D _WINDOWS /D _USE_MATH_DEFINES /D _CRT_SECURE_NO_WARNINGS /D _UNICODE /D UNICODE /Gm /EHa /RTC1 /MDd /GS- /arch:SSE2 /fp:fast /Zc:wchar_t /Zc:forScope /Yu"StdAfx.h" /Fp"Debug\GeoX.pch" /Fo"Debug\\" /Fd"Debug\vc100.pdb" /Gd /TP /analyze- /errorReport:prompt ..\InitGeoX.cpp ..\experiments\AssignmentTwo.cpp
     1>cl : Command line warning D9030: '/Gm' is incompatible with multiprocessing; ignoring /MP switch
         AssignmentTwo.cpp
         InitGeoX.cpp
         Generating Code...
       ManifestResourceCompile:
         c:\Program Files\Microsoft SDKs\Windows\v7.0A\bin\rc.exe /nologo /fo"Debug\GeoX.exe.embed.manifest.res" Debug\GeoX_manifest.rc 
       Link:
         c:\Program Files\Microsoft Visual Studio 10.0\VC\bin\link.exe /ERRORREPORT:PROMPT /OUT:"C:\Geometric Modeling\GeoX\windows\Debug\GeoX.exe" /INCREMENTAL /NOLOGO qtCored4.lib qtGuid4.lib qtOpenGLd4.lib winmm.lib opengl32.lib glu32.lib kernel32.lib user32.lib gdi32.lib winspool.lib comdlg32.lib advapi32.lib shell32.lib ole32.lib oleaut32.lib uuid.lib odbc32.lib odbccp32.lib /MANIFEST /ManifestFile:"Debug\GeoX.exe.intermediate.manifest" /MANIFESTUAC:"level='asInvoker' uiAccess='false'" /DEBUG /PDB:"C:\Geometric Modeling\GeoX\windows\Debug\GeoX.pdb" /SUBSYSTEM:WINDOWS /TLBID:1 /DYNAMICBASE /NXCOMPAT /IMPLIB:"C:\Geometric Modeling\GeoX\windows\Debug\GeoX.lib" /MACHINE:X86 Debug\GeoX.exe.embed.manifest.res
         Debug\ExampleExperimentFields.obj
         Debug\ExampleExperimentScatterPlot.obj
         Debug\AssignmentTwo.obj
         Debug\PolynomialInterpolation.obj
         Debug\AMLoader.obj
         Debug\stdafx.obj
         Debug\winmain.obj
         Debug\GeoXMainWindow.obj
         Debug\BoundingBox.obj
         Debug\DynamicLinearAlgebra.obj
         Debug\DynamicLinearAlgebraTools.obj
         Debug\Frustum.obj
         Debug\HalfSpace.obj
         Debug\IterativeSolvers.obj
         Debug\LinearAlgebra.obj
         Debug\MarchingCubes3D.obj
         Debug\PolarCoordinates.obj
         Debug\SparseLinearAlgebra.obj
         Debug\ViewFrustum.obj
         Debug\ClassCreator.obj
         Debug\ClassEditor.obj
         Debug\ClassMethods.obj
         Debug\ClassProperty.obj
         Debug\CopyObjectProperties.obj
         Debug\ExceptionHandling.obj
         Debug\HashTables.obj
         Debug\MetaClass.obj
         Debug\Object.obj
         Debug\Persistent.obj
         Debug\ClassSelectionDialog.obj
         Debug\FileDialogs.obj
         Debug\GeneralKey.obj
         Debug\GeoXOutput.obj
         Debug\MemberBrowser.obj
         Debug\MethodBrowser.obj
         Debug\Modifiers.obj
         Debug\ObjectBrowserWidget.obj
         Debug\ObjectCreationDialog.obj
         Debug\ObjectViewsTable.obj
         Debug\PopupWindow.obj
         Debug\PropertyBrowser.obj
         Debug\VerticalScrollView.obj
         Debug\ClassInstanceSet.obj
         Debug\ImageLoader.obj
         Debug\qtHelpers.obj
         Debug\StringHelper.obj
         Debug\Timer.obj
         Debug\Tools.obj
         Debug\BooleanClassProperty.obj
         Debug\BooleanElementEditor.obj
         Debug\BooleanPropertyEditor.obj
         Debug\ClassTypeClassProperty.obj
         Debug\ClassTypeClassPropertyEditorWidget.obj
         Debug\ClassTypePropertyEditor.obj
         Debug\CompoundClassProperty.obj
         Debug\ElementEditor.obj
         Debug\EmbeddedObjectClassProperty.obj
         Debug\EmbeddedObjectClassPropertyEditor.obj
         Debug\EmbeddedObjectElementEditor.obj
         Debug\EnumerationElementEditor.obj
         Debug\EnumerationPropertyEditor.obj
         Debug\FileNameElementEditor.obj
         Debug\FileNamePropertyEditor.obj
         Debug\FixedArrayClassProperty.obj
         Debug\FixedArrayElementEditor.obj
         Debug\FixedArrayPropertyEditor.obj
         Debug\NumericalClassProperty.obj
         Debug\ObjectClassProperty.obj
         Debug\ObjectElementEditor.obj
         Debug\ObjectListBase.obj
         Debug\ObjectListElementEditor.obj
         Debug\ObjectListProperty.obj
         Debug\ObjectListPropertyEditor.obj
         Debug\ObjectPropertyEditor.obj
         Debug\PropertyEditor.obj
         Debug\SeparatorClassProperty.obj
         Debug\SeparatorPropertyEditor.obj
         Debug\SingleClassProperty.obj
         Debug\StringClassProperty.obj
         Debug\StringElementEditor.obj
         Debug\StringPropertyEditor.obj
         Debug\StructClassProperty.obj
         Debug\VariableArrayClassProperty.obj
         Debug\VariableArrayClassPropertyEditor.obj
         Debug\VariableArrayElementEditor.obj
         Debug\BinaryObjectStreams.obj
         Debug\LegacyClassNameTranslation.obj
         Debug\ObjectStreams.obj
         Debug\StreamClassTable.obj
         Debug\Camera.obj
         Debug\CameraController.obj
         Debug\ExaminerCameraController.obj
         Debug\WalkthroughCameraController.obj
         Debug\GeoXGLWidget.obj
         Debug\GeoXGLWidget3D.obj
         Debug\GLGeometryViewer.obj
         Debug\GLGeometryViewer3D.obj
         Debug\LogoViewer.obj
         Debug\ExampleExperiment.obj
         Debug\ExampleExperiment2DGraphics.obj
         Debug\ExampleExperiment3DGraphics.obj
         Debug\ExampleExperimentMarchingCubes.obj
         Debug\Experiment.obj
         Debug\InitGeoX.obj
       Manifest:
         c:\Program Files\Microsoft SDKs\Windows\v7.0A\bin\mt.exe /nologo /verbose /out:"Debug\GeoX.exe.embed.manifest" /manifest Debug\GeoX.exe.intermediate.manifest
         c:\Program Files\Microsoft SDKs\Windows\v7.0A\bin\rc.exe /nologo /fo"Debug\GeoX.exe.embed.manifest.res" Debug\GeoX_manifest.rc 
       LinkEmbedManifest:
         c:\Program Files\Microsoft Visual Studio 10.0\VC\bin\link.exe /ERRORREPORT:PROMPT /OUT:"C:\Geometric Modeling\GeoX\windows\Debug\GeoX.exe" /INCREMENTAL /NOLOGO qtCored4.lib qtGuid4.lib qtOpenGLd4.lib winmm.lib opengl32.lib glu32.lib kernel32.lib user32.lib gdi32.lib winspool.lib comdlg32.lib advapi32.lib shell32.lib ole32.lib oleaut32.lib uuid.lib odbc32.lib odbccp32.lib /MANIFEST /ManifestFile:"Debug\GeoX.exe.intermediate.manifest" /MANIFESTUAC:"level='asInvoker' uiAccess='false'" /DEBUG /PDB:"C:\Geometric Modeling\GeoX\windows\Debug\GeoX.pdb" /SUBSYSTEM:WINDOWS /TLBID:1 /DYNAMICBASE /NXCOMPAT /IMPLIB:"C:\Geometric Modeling\GeoX\windows\Debug\GeoX.lib" /MACHINE:X86 Debug\GeoX.exe.embed.manifest.res
         Debug\ExampleExperimentFields.obj
         Debug\ExampleExperimentScatterPlot.obj
         Debug\AssignmentTwo.obj
         Debug\PolynomialInterpolation.obj
         Debug\AMLoader.obj
         Debug\stdafx.obj
         Debug\winmain.obj
         Debug\GeoXMainWindow.obj
         Debug\BoundingBox.obj
         Debug\DynamicLinearAlgebra.obj
         Debug\DynamicLinearAlgebraTools.obj
         Debug\Frustum.obj
         Debug\HalfSpace.obj
         Debug\IterativeSolvers.obj
         Debug\LinearAlgebra.obj
         Debug\MarchingCubes3D.obj
         Debug\PolarCoordinates.obj
         Debug\SparseLinearAlgebra.obj
         Debug\ViewFrustum.obj
         Debug\ClassCreator.obj
         Debug\ClassEditor.obj
         Debug\ClassMethods.obj
         Debug\ClassProperty.obj
         Debug\CopyObjectProperties.obj
         Debug\ExceptionHandling.obj
         Debug\HashTables.obj
         Debug\MetaClass.obj
         Debug\Object.obj
         Debug\Persistent.obj
         Debug\ClassSelectionDialog.obj
         Debug\FileDialogs.obj
         Debug\GeneralKey.obj
         Debug\GeoXOutput.obj
         Debug\MemberBrowser.obj
         Debug\MethodBrowser.obj
         Debug\Modifiers.obj
         Debug\ObjectBrowserWidget.obj
         Debug\ObjectCreationDialog.obj
         Debug\ObjectViewsTable.obj
         Debug\PopupWindow.obj
         Debug\PropertyBrowser.obj
         Debug\VerticalScrollView.obj
         Debug\ClassInstanceSet.obj
         Debug\ImageLoader.obj
         Debug\qtHelpers.obj
         Debug\StringHelper.obj
         Debug\Timer.obj
         Debug\Tools.obj
         Debug\BooleanClassProperty.obj
         Debug\BooleanElementEditor.obj
         Debug\BooleanPropertyEditor.obj
         Debug\ClassTypeClassProperty.obj
         Debug\ClassTypeClassPropertyEditorWidget.obj
         Debug\ClassTypePropertyEditor.obj
         Debug\CompoundClassProperty.obj
         Debug\ElementEditor.obj
         Debug\EmbeddedObjectClassProperty.obj
         Debug\EmbeddedObjectClassPropertyEditor.obj
         Debug\EmbeddedObjectElementEditor.obj
         Debug\EnumerationElementEditor.obj
         Debug\EnumerationPropertyEditor.obj
         Debug\FileNameElementEditor.obj
         Debug\FileNamePropertyEditor.obj
         Debug\FixedArrayClassProperty.obj
         Debug\FixedArrayElementEditor.obj
         Debug\FixedArrayPropertyEditor.obj
         Debug\NumericalClassProperty.obj
         Debug\ObjectClassProperty.obj
         Debug\ObjectElementEditor.obj
         Debug\ObjectListBase.obj
         Debug\ObjectListElementEditor.obj
         Debug\ObjectListProperty.obj
         Debug\ObjectListPropertyEditor.obj
         Debug\ObjectPropertyEditor.obj
         Debug\PropertyEditor.obj
         Debug\SeparatorClassProperty.obj
         Debug\SeparatorPropertyEditor.obj
         Debug\SingleClassProperty.obj
         Debug\StringClassProperty.obj
         Debug\StringElementEditor.obj
         Debug\StringPropertyEditor.obj
         Debug\StructClassProperty.obj
         Debug\VariableArrayClassProperty.obj
         Debug\VariableArrayClassPropertyEditor.obj
         Debug\VariableArrayElementEditor.obj
         Debug\BinaryObjectStreams.obj
         Debug\LegacyClassNameTranslation.obj
         Debug\ObjectStreams.obj
         Debug\StreamClassTable.obj
         Debug\Camera.obj
         Debug\CameraController.obj
         Debug\ExaminerCameraController.obj
         Debug\WalkthroughCameraController.obj
         Debug\GeoXGLWidget.obj
         Debug\GeoXGLWidget3D.obj
         Debug\GLGeometryViewer.obj
         Debug\GLGeometryViewer3D.obj
         Debug\LogoViewer.obj
         Debug\ExampleExperiment.obj
         Debug\ExampleExperiment2DGraphics.obj
         Debug\ExampleExperiment3DGraphics.obj
         Debug\ExampleExperimentMarchingCubes.obj
         Debug\Experiment.obj
         Debug\InitGeoX.obj
         GeoX.vcxproj -> C:\Geometric Modeling\GeoX\windows\Debug\GeoX.exe
       FinalizeBuildStatus:
         Deleting file "Debug\GeoX.unsuccessfulbuild".
         Touching "Debug\GeoX.lastbuildstate".
     1>Done Building Project "C:\Geometric Modeling\GeoX\windows\GeoX.vcxproj" (build target(s)).

Build succeeded.

Time Elapsed 00:00:04.60
