C:\GEOMETRIC MODELING\GEOX\GEOX\MOC\GEOXMAINWINDOW_MOC.CPP
C:\GEOMETRIC MODELING\GEOX\GEOX\UI_GEOXMAINWINDOWDESIGNER.H
C:\GEOMETRIC MODELING\GEOX\IMAGES\MOC\GEOX_RCC.H
C:\GEOMETRIC MODELING\GEOX\SYSTEM\GUI\MOC\CLASSSELECTIONDIALOG_MOC.CPP
C:\GEOMETRIC MODELING\GEOX\SYSTEM\GUI\MOC\MEMBERBROWSER_MOC.CPP
C:\GEOMETRIC MODELING\GEOX\SYSTEM\GUI\MOC\METHODBROWSER_MOC.CPP
C:\GEOMETRIC MODELING\GEOX\SYSTEM\GUI\MOC\OBJECTBROWSERWIDGET_MOC.CPP
C:\GEOMETRIC MODELING\GEOX\SYSTEM\GUI\MOC\OBJECTCREATIONDIALOG_MOC.CPP
C:\GEOMETRIC MODELING\GEOX\SYSTEM\GUI\MOC\POPUPWINDOW_MOC.CPP
C:\GEOMETRIC MODELING\GEOX\SYSTEM\GUI\MOC\PROPERTYBROWSER_MOC.CPP
C:\GEOMETRIC MODELING\GEOX\SYSTEM\GUI\MOC\VERTICALSCROLLVIEW_MOC.CPP
C:\GEOMETRIC MODELING\GEOX\SYSTEM\GUI\UI_OBJECTBROWSERWIDGETDESIGNER.H
C:\GEOMETRIC MODELING\GEOX\SYSTEM\GUI\UI_OBJECTCREATIONDIALOGDESIGNER.H
C:\GEOMETRIC MODELING\GEOX\SYSTEM\PROPERTIES\MOC\BOOLEANELEMENTEDITOR_MOC.CPP
C:\GEOMETRIC MODELING\GEOX\SYSTEM\PROPERTIES\MOC\CLASSTYPECLASSPROPERTYEDITORWIDGET_MOC.CPP
C:\GEOMETRIC MODELING\GEOX\SYSTEM\PROPERTIES\MOC\ELEMENTEDITOR_MOC.CPP
C:\GEOMETRIC MODELING\GEOX\SYSTEM\PROPERTIES\MOC\EMBEDDEDOBJECTELEMENTEDITOR_MOC.CPP
C:\GEOMETRIC MODELING\GEOX\SYSTEM\PROPERTIES\MOC\ENUMERATIONELEMENTEDITOR_MOC.CPP
C:\GEOMETRIC MODELING\GEOX\SYSTEM\PROPERTIES\MOC\FILENAMEELEMENTEDITOR_MOC.CPP
C:\GEOMETRIC MODELING\GEOX\SYSTEM\PROPERTIES\MOC\OBJECTELEMENTEDITOR_MOC.CPP
C:\GEOMETRIC MODELING\GEOX\SYSTEM\PROPERTIES\MOC\OBJECTLISTELEMENTEDITOR_MOC.CPP
C:\GEOMETRIC MODELING\GEOX\SYSTEM\PROPERTIES\MOC\STRINGELEMENTEDITOR_MOC.CPP
C:\GEOMETRIC MODELING\GEOX\SYSTEM\PROPERTIES\MOC\VARIABLEARRAYELEMENTEDITOR_MOC.CPP
C:\GEOMETRIC MODELING\GEOX\VIEWERS\WIDGETS\MOC\GEOXGLWIDGET_MOC.CPP
C:\GEOMETRIC MODELING\GEOX\VIEWERS\WIDGETS\MOC\GEOXGLWIDGET3D_MOC.CPP
C:\GEOMETRIC MODELING\GEOX\VIEWERS\WIDGETS\MOC\GLGEOMETRYVIEWER_MOC.CPP
C:\GEOMETRIC MODELING\GEOX\VIEWERS\WIDGETS\MOC\GLGEOMETRYVIEWER3D_MOC.CPP
C:\GEOMETRIC MODELING\GEOX\VIEWERS\WIDGETS\MOC\LOGOVIEWER_MOC.CPP
C:\GEOMETRIC MODELING\GEOX\VIEWERS\WIDGETS\UI_GLGEOMETRYVIEWER3DDESIGNER.H
C:\GEOMETRIC MODELING\GEOX\VIEWERS\WIDGETS\UI_GLGEOMETRYVIEWERDESIGNER.H
C:\GEOMETRIC MODELING\GEOX\VIEWERS\WIDGETS\UI_LOGOVIEWERDESIGNER.H
C:\GEOMETRIC MODELING\GEOX\WINDOWS\DEBUG\AMLOADER.OBJ
C:\GEOMETRIC MODELING\GEOX\WINDOWS\DEBUG\BINARYOBJECTSTREAMS.OBJ
C:\GEOMETRIC MODELING\GEOX\WINDOWS\DEBUG\BOOLEANCLASSPROPERTY.OBJ
C:\GEOMETRIC MODELING\GEOX\WINDOWS\DEBUG\BOOLEANELEMENTEDITOR.OBJ
C:\GEOMETRIC MODELING\GEOX\WINDOWS\DEBUG\BOOLEANPROPERTYEDITOR.OBJ
C:\GEOMETRIC MODELING\GEOX\WINDOWS\DEBUG\BOUNDINGBOX.OBJ
C:\GEOMETRIC MODELING\GEOX\WINDOWS\DEBUG\CAMERA.OBJ
C:\GEOMETRIC MODELING\GEOX\WINDOWS\DEBUG\CAMERACONTROLLER.OBJ
C:\Geometric Modeling\GeoX\windows\Debug\cl.command.1.tlog
C:\Geometric Modeling\GeoX\windows\Debug\CL.read.1.tlog
C:\Geometric Modeling\GeoX\windows\Debug\CL.write.1.tlog
C:\GEOMETRIC MODELING\GEOX\WINDOWS\DEBUG\CLASSCREATOR.OBJ
C:\GEOMETRIC MODELING\GEOX\WINDOWS\DEBUG\CLASSEDITOR.OBJ
C:\GEOMETRIC MODELING\GEOX\WINDOWS\DEBUG\CLASSINSTANCESET.OBJ
C:\GEOMETRIC MODELING\GEOX\WINDOWS\DEBUG\CLASSMETHODS.OBJ
C:\GEOMETRIC MODELING\GEOX\WINDOWS\DEBUG\CLASSPROPERTY.OBJ
C:\GEOMETRIC MODELING\GEOX\WINDOWS\DEBUG\CLASSSELECTIONDIALOG.OBJ
C:\GEOMETRIC MODELING\GEOX\WINDOWS\DEBUG\CLASSTYPECLASSPROPERTY.OBJ
C:\GEOMETRIC MODELING\GEOX\WINDOWS\DEBUG\CLASSTYPECLASSPROPERTYEDITORWIDGET.OBJ
C:\GEOMETRIC MODELING\GEOX\WINDOWS\DEBUG\CLASSTYPEPROPERTYEDITOR.OBJ
C:\GEOMETRIC MODELING\GEOX\WINDOWS\DEBUG\COMPOUNDCLASSPROPERTY.OBJ
C:\GEOMETRIC MODELING\GEOX\WINDOWS\DEBUG\COPYOBJECTPROPERTIES.OBJ
C:\Geometric Modeling\GeoX\windows\Debug\custombuild.command.1.tlog
C:\Geometric Modeling\GeoX\windows\Debug\custombuild.read.1.tlog
C:\Geometric Modeling\GeoX\windows\Debug\custombuild.write.1.tlog
C:\GEOMETRIC MODELING\GEOX\WINDOWS\DEBUG\DYNAMICLINEARALGEBRA.OBJ
C:\GEOMETRIC MODELING\GEOX\WINDOWS\DEBUG\DYNAMICLINEARALGEBRATOOLS.OBJ
C:\GEOMETRIC MODELING\GEOX\WINDOWS\DEBUG\ELEMENTEDITOR.OBJ
C:\GEOMETRIC MODELING\GEOX\WINDOWS\DEBUG\EMBEDDEDOBJECTCLASSPROPERTY.OBJ
C:\GEOMETRIC MODELING\GEOX\WINDOWS\DEBUG\EMBEDDEDOBJECTCLASSPROPERTYEDITOR.OBJ
C:\GEOMETRIC MODELING\GEOX\WINDOWS\DEBUG\EMBEDDEDOBJECTELEMENTEDITOR.OBJ
C:\GEOMETRIC MODELING\GEOX\WINDOWS\DEBUG\ENUMERATIONELEMENTEDITOR.OBJ
C:\GEOMETRIC MODELING\GEOX\WINDOWS\DEBUG\ENUMERATIONPROPERTYEDITOR.OBJ
C:\GEOMETRIC MODELING\GEOX\WINDOWS\DEBUG\EXAMINERCAMERACONTROLLER.OBJ
C:\GEOMETRIC MODELING\GEOX\WINDOWS\DEBUG\EXAMPLEEXPERIMENT.OBJ
C:\GEOMETRIC MODELING\GEOX\WINDOWS\DEBUG\EXAMPLEEXPERIMENT2DGRAPHICS.OBJ
C:\GEOMETRIC MODELING\GEOX\WINDOWS\DEBUG\EXAMPLEEXPERIMENT3DGRAPHICS.OBJ
C:\GEOMETRIC MODELING\GEOX\WINDOWS\DEBUG\EXAMPLEEXPERIMENTFIELDS.OBJ
C:\GEOMETRIC MODELING\GEOX\WINDOWS\DEBUG\EXAMPLEEXPERIMENTMARCHINGCUBES.OBJ
C:\GEOMETRIC MODELING\GEOX\WINDOWS\DEBUG\EXAMPLEEXPERIMENTSCATTERPLOT.OBJ
C:\GEOMETRIC MODELING\GEOX\WINDOWS\DEBUG\EXCEPTIONHANDLING.OBJ
C:\GEOMETRIC MODELING\GEOX\WINDOWS\DEBUG\EXEXPERIMENT.OBJ
C:\GEOMETRIC MODELING\GEOX\WINDOWS\DEBUG\EXPERIMENT.OBJ
C:\GEOMETRIC MODELING\GEOX\WINDOWS\DEBUG\FILEDIALOGS.OBJ
C:\GEOMETRIC MODELING\GEOX\WINDOWS\DEBUG\FILENAMEELEMENTEDITOR.OBJ
C:\GEOMETRIC MODELING\GEOX\WINDOWS\DEBUG\FILENAMEPROPERTYEDITOR.OBJ
C:\GEOMETRIC MODELING\GEOX\WINDOWS\DEBUG\FIXEDARRAYCLASSPROPERTY.OBJ
C:\GEOMETRIC MODELING\GEOX\WINDOWS\DEBUG\FIXEDARRAYELEMENTEDITOR.OBJ
C:\GEOMETRIC MODELING\GEOX\WINDOWS\DEBUG\FIXEDARRAYPROPERTYEDITOR.OBJ
C:\GEOMETRIC MODELING\GEOX\WINDOWS\DEBUG\FRUSTUM.OBJ
C:\GEOMETRIC MODELING\GEOX\WINDOWS\DEBUG\GENERALKEY.OBJ
C:\GEOMETRIC MODELING\GEOX\WINDOWS\DEBUG\GEOX.EXE
C:\GEOMETRIC MODELING\GEOX\WINDOWS\DEBUG\GEOX.EXE.EMBED.MANIFEST
C:\GEOMETRIC MODELING\GEOX\WINDOWS\DEBUG\GEOX.EXE.EMBED.MANIFEST.RES
C:\GEOMETRIC MODELING\GEOX\WINDOWS\DEBUG\GEOX.EXE.INTERMEDIATE.MANIFEST
C:\GEOMETRIC MODELING\GEOX\WINDOWS\DEBUG\GEOX.ILK
C:\GEOMETRIC MODELING\GEOX\WINDOWS\DEBUG\GEOX.PCH
C:\GEOMETRIC MODELING\GEOX\WINDOWS\DEBUG\GEOX.PDB
C:\Geometric Modeling\GeoX\windows\Debug\GeoX_manifest.rc
C:\GEOMETRIC MODELING\GEOX\WINDOWS\DEBUG\GEOXGLWIDGET.OBJ
C:\GEOMETRIC MODELING\GEOX\WINDOWS\DEBUG\GEOXGLWIDGET3D.OBJ
C:\GEOMETRIC MODELING\GEOX\WINDOWS\DEBUG\GEOXMAINWINDOW.OBJ
C:\GEOMETRIC MODELING\GEOX\WINDOWS\DEBUG\GEOXOUTPUT.OBJ
C:\GEOMETRIC MODELING\GEOX\WINDOWS\DEBUG\GLGEOMETRYVIEWER.OBJ
C:\GEOMETRIC MODELING\GEOX\WINDOWS\DEBUG\GLGEOMETRYVIEWER3D.OBJ
C:\GEOMETRIC MODELING\GEOX\WINDOWS\DEBUG\HALFSPACE.OBJ
C:\GEOMETRIC MODELING\GEOX\WINDOWS\DEBUG\HASHTABLES.OBJ
C:\GEOMETRIC MODELING\GEOX\WINDOWS\DEBUG\IMAGELOADER.OBJ
C:\GEOMETRIC MODELING\GEOX\WINDOWS\DEBUG\INITGEOX.OBJ
C:\GEOMETRIC MODELING\GEOX\WINDOWS\DEBUG\ITERATIVESOLVERS.OBJ
C:\GEOMETRIC MODELING\GEOX\WINDOWS\DEBUG\LEGACYCLASSNAMETRANSLATION.OBJ
C:\GEOMETRIC MODELING\GEOX\WINDOWS\DEBUG\LINEARALGEBRA.OBJ
C:\Geometric Modeling\GeoX\windows\Debug\link.1244.read.1.tlog
C:\Geometric Modeling\GeoX\windows\Debug\link.1244.write.1.tlog
C:\Geometric Modeling\GeoX\windows\Debug\link.1244-cvtres.read.1.tlog
C:\Geometric Modeling\GeoX\windows\Debug\link.1244-cvtres.write.1.tlog
C:\Geometric Modeling\GeoX\windows\Debug\link.1920.read.1.tlog
C:\Geometric Modeling\GeoX\windows\Debug\link.1920.write.1.tlog
C:\Geometric Modeling\GeoX\windows\Debug\link.1920-cvtres.read.1.tlog
C:\Geometric Modeling\GeoX\windows\Debug\link.1920-cvtres.write.1.tlog
C:\Geometric Modeling\GeoX\windows\Debug\link.2008.read.1.tlog
C:\Geometric Modeling\GeoX\windows\Debug\link.2008.write.1.tlog
C:\Geometric Modeling\GeoX\windows\Debug\link.2008-cvtres.read.1.tlog
C:\Geometric Modeling\GeoX\windows\Debug\link.2008-cvtres.write.1.tlog
C:\Geometric Modeling\GeoX\windows\Debug\link.4180.read.1.tlog
C:\Geometric Modeling\GeoX\windows\Debug\link.4180.write.1.tlog
C:\Geometric Modeling\GeoX\windows\Debug\link.4180-cvtres.read.1.tlog
C:\Geometric Modeling\GeoX\windows\Debug\link.4180-cvtres.write.1.tlog
C:\Geometric Modeling\GeoX\windows\Debug\link.5028.read.1.tlog
C:\Geometric Modeling\GeoX\windows\Debug\link.5028.write.1.tlog
C:\Geometric Modeling\GeoX\windows\Debug\link.5028-cvtres.read.1.tlog
C:\Geometric Modeling\GeoX\windows\Debug\link.5028-cvtres.write.1.tlog
C:\Geometric Modeling\GeoX\windows\Debug\link.5460.read.1.tlog
C:\Geometric Modeling\GeoX\windows\Debug\link.5460.write.1.tlog
C:\Geometric Modeling\GeoX\windows\Debug\link.5460-cvtres.read.1.tlog
C:\Geometric Modeling\GeoX\windows\Debug\link.5460-cvtres.write.1.tlog
C:\Geometric Modeling\GeoX\windows\Debug\link.6076.read.1.tlog
C:\Geometric Modeling\GeoX\windows\Debug\link.6076.write.1.tlog
C:\Geometric Modeling\GeoX\windows\Debug\link.6076-cvtres.read.1.tlog
C:\Geometric Modeling\GeoX\windows\Debug\link.6076-cvtres.write.1.tlog
C:\Geometric Modeling\GeoX\windows\Debug\link.command.1.tlog
C:\Geometric Modeling\GeoX\windows\Debug\link.read.1.tlog
C:\Geometric Modeling\GeoX\windows\Debug\link.write.1.tlog
C:\Geometric Modeling\GeoX\windows\Debug\link-cvtres.read.1.tlog
C:\Geometric Modeling\GeoX\windows\Debug\link-cvtres.write.1.tlog
C:\GEOMETRIC MODELING\GEOX\WINDOWS\DEBUG\LOGOVIEWER.OBJ
C:\GEOMETRIC MODELING\GEOX\WINDOWS\DEBUG\MARCHINGCUBES3D.OBJ
C:\GEOMETRIC MODELING\GEOX\WINDOWS\DEBUG\MEMBERBROWSER.OBJ
C:\GEOMETRIC MODELING\GEOX\WINDOWS\DEBUG\METACLASS.OBJ
C:\GEOMETRIC MODELING\GEOX\WINDOWS\DEBUG\METHODBROWSER.OBJ
C:\GEOMETRIC MODELING\GEOX\WINDOWS\DEBUG\MODIFIERS.OBJ
C:\Geometric Modeling\GeoX\windows\Debug\mt.command.1.tlog
C:\Geometric Modeling\GeoX\windows\Debug\mt.read.1.tlog
C:\Geometric Modeling\GeoX\windows\Debug\mt.write.1.tlog
C:\GEOMETRIC MODELING\GEOX\WINDOWS\DEBUG\NUMERICALCLASSPROPERTY.OBJ
C:\GEOMETRIC MODELING\GEOX\WINDOWS\DEBUG\OBJECT.OBJ
C:\GEOMETRIC MODELING\GEOX\WINDOWS\DEBUG\OBJECTBROWSERWIDGET.OBJ
C:\GEOMETRIC MODELING\GEOX\WINDOWS\DEBUG\OBJECTCLASSPROPERTY.OBJ
C:\GEOMETRIC MODELING\GEOX\WINDOWS\DEBUG\OBJECTCREATIONDIALOG.OBJ
C:\GEOMETRIC MODELING\GEOX\WINDOWS\DEBUG\OBJECTELEMENTEDITOR.OBJ
C:\GEOMETRIC MODELING\GEOX\WINDOWS\DEBUG\OBJECTLISTBASE.OBJ
C:\GEOMETRIC MODELING\GEOX\WINDOWS\DEBUG\OBJECTLISTELEMENTEDITOR.OBJ
C:\GEOMETRIC MODELING\GEOX\WINDOWS\DEBUG\OBJECTLISTPROPERTY.OBJ
C:\GEOMETRIC MODELING\GEOX\WINDOWS\DEBUG\OBJECTLISTPROPERTYEDITOR.OBJ
C:\GEOMETRIC MODELING\GEOX\WINDOWS\DEBUG\OBJECTPROPERTYEDITOR.OBJ
C:\GEOMETRIC MODELING\GEOX\WINDOWS\DEBUG\OBJECTSTREAMS.OBJ
C:\GEOMETRIC MODELING\GEOX\WINDOWS\DEBUG\OBJECTVIEWSTABLE.OBJ
C:\GEOMETRIC MODELING\GEOX\WINDOWS\DEBUG\PERSISTENT.OBJ
C:\GEOMETRIC MODELING\GEOX\WINDOWS\DEBUG\POLARCOORDINATES.OBJ
C:\GEOMETRIC MODELING\GEOX\WINDOWS\DEBUG\POLYNOMIALINTERPOLATION.OBJ
C:\GEOMETRIC MODELING\GEOX\WINDOWS\DEBUG\POPUPWINDOW.OBJ
C:\GEOMETRIC MODELING\GEOX\WINDOWS\DEBUG\PROPERTYBROWSER.OBJ
C:\GEOMETRIC MODELING\GEOX\WINDOWS\DEBUG\PROPERTYEDITOR.OBJ
C:\GEOMETRIC MODELING\GEOX\WINDOWS\DEBUG\QTHELPERS.OBJ
C:\Geometric Modeling\GeoX\windows\Debug\rc.command.1.tlog
C:\Geometric Modeling\GeoX\windows\Debug\rc.read.1.tlog
C:\Geometric Modeling\GeoX\windows\Debug\rc.write.1.tlog
C:\GEOMETRIC MODELING\GEOX\WINDOWS\DEBUG\SEPARATORCLASSPROPERTY.OBJ
C:\GEOMETRIC MODELING\GEOX\WINDOWS\DEBUG\SEPARATORPROPERTYEDITOR.OBJ
C:\GEOMETRIC MODELING\GEOX\WINDOWS\DEBUG\SINGLECLASSPROPERTY.OBJ
C:\GEOMETRIC MODELING\GEOX\WINDOWS\DEBUG\SPARSELINEARALGEBRA.OBJ
C:\GEOMETRIC MODELING\GEOX\WINDOWS\DEBUG\STDAFX.OBJ
C:\GEOMETRIC MODELING\GEOX\WINDOWS\DEBUG\STREAMCLASSTABLE.OBJ
C:\GEOMETRIC MODELING\GEOX\WINDOWS\DEBUG\STRINGCLASSPROPERTY.OBJ
C:\GEOMETRIC MODELING\GEOX\WINDOWS\DEBUG\STRINGELEMENTEDITOR.OBJ
C:\GEOMETRIC MODELING\GEOX\WINDOWS\DEBUG\STRINGHELPER.OBJ
C:\GEOMETRIC MODELING\GEOX\WINDOWS\DEBUG\STRINGPROPERTYEDITOR.OBJ
C:\GEOMETRIC MODELING\GEOX\WINDOWS\DEBUG\STRUCTCLASSPROPERTY.OBJ
C:\GEOMETRIC MODELING\GEOX\WINDOWS\DEBUG\TIMER.OBJ
C:\GEOMETRIC MODELING\GEOX\WINDOWS\DEBUG\TOOLS.OBJ
C:\GEOMETRIC MODELING\GEOX\WINDOWS\DEBUG\VARIABLEARRAYCLASSPROPERTY.OBJ
C:\GEOMETRIC MODELING\GEOX\WINDOWS\DEBUG\VARIABLEARRAYCLASSPROPERTYEDITOR.OBJ
C:\GEOMETRIC MODELING\GEOX\WINDOWS\DEBUG\VARIABLEARRAYELEMENTEDITOR.OBJ
C:\Geometric Modeling\GeoX\windows\Debug\vc100.idb
C:\GEOMETRIC MODELING\GEOX\WINDOWS\DEBUG\VC100.PDB
C:\GEOMETRIC MODELING\GEOX\WINDOWS\DEBUG\VERTICALSCROLLVIEW.OBJ
C:\GEOMETRIC MODELING\GEOX\WINDOWS\DEBUG\VIEWFRUSTUM.OBJ
C:\GEOMETRIC MODELING\GEOX\WINDOWS\DEBUG\WALKTHROUGHCAMERACONTROLLER.OBJ
C:\GEOMETRIC MODELING\GEOX\WINDOWS\DEBUG\WINMAIN.OBJ
