c:\users\junaid\documents\visual studio 2013\projects\modelling\geomodtool\geox\windows\release\geox_vs2013.pch
c:\users\junaid\documents\visual studio 2013\projects\modelling\geomodtool\geox\windows\release\vc120.pdb
c:\users\junaid\documents\visual studio 2013\projects\modelling\geomodtool\geox\windows\release\stdafx.obj
c:\users\junaid\documents\visual studio 2013\projects\modelling\geomodtool\geox\windows\release\assignmentfour.obj
c:\users\junaid\documents\visual studio 2013\projects\modelling\geomodtool\geox\windows\release\decasteljauexperiment.obj
c:\users\junaid\documents\visual studio 2013\projects\modelling\geomodtool\geox\windows\release\amloader.obj
c:\users\junaid\documents\visual studio 2013\projects\modelling\geomodtool\geox\windows\release\boundingbox.obj
c:\users\junaid\documents\visual studio 2013\projects\modelling\geomodtool\geox\windows\release\frustum.obj
c:\users\junaid\documents\visual studio 2013\projects\modelling\geomodtool\geox\windows\release\halfspace.obj
c:\users\junaid\documents\visual studio 2013\projects\modelling\geomodtool\geox\windows\release\linearalgebra.obj
c:\users\junaid\documents\visual studio 2013\projects\modelling\geomodtool\geox\windows\release\marchingcubes3d.obj
c:\users\junaid\documents\visual studio 2013\projects\modelling\geomodtool\geox\windows\release\sparselinearalgebra.obj
c:\users\junaid\documents\visual studio 2013\projects\modelling\geomodtool\geox\windows\release\metaclass.obj
c:\users\junaid\documents\visual studio 2013\projects\modelling\geomodtool\geox\windows\release\memberbrowser.obj
c:\users\junaid\documents\visual studio 2013\projects\modelling\geomodtool\geox\windows\release\objectcreationdialog.obj
c:\users\junaid\documents\visual studio 2013\projects\modelling\geomodtool\geox\windows\release\propertybrowser.obj
c:\users\junaid\documents\visual studio 2013\projects\modelling\geomodtool\geox\windows\release\timer.obj
c:\users\junaid\documents\visual studio 2013\projects\modelling\geomodtool\geox\windows\release\tools.obj
c:\users\junaid\documents\visual studio 2013\projects\modelling\geomodtool\geox\windows\release\booleanelementeditor.obj
c:\users\junaid\documents\visual studio 2013\projects\modelling\geomodtool\geox\windows\release\classtypeclasspropertyeditorwidget.obj
c:\users\junaid\documents\visual studio 2013\projects\modelling\geomodtool\geox\windows\release\embeddedobjectelementeditor.obj
c:\users\junaid\documents\visual studio 2013\projects\modelling\geomodtool\geox\windows\release\filenameelementeditor.obj
c:\users\junaid\documents\visual studio 2013\projects\modelling\geomodtool\geox\windows\release\fixedarraypropertyeditor.obj
c:\users\junaid\documents\visual studio 2013\projects\modelling\geomodtool\geox\windows\release\objectlistelementeditor.obj
c:\users\junaid\documents\visual studio 2013\projects\modelling\geomodtool\geox\windows\release\propertyeditor.obj
c:\users\junaid\documents\visual studio 2013\projects\modelling\geomodtool\geox\windows\release\stringelementeditor.obj
c:\users\junaid\documents\visual studio 2013\projects\modelling\geomodtool\geox\windows\release\variablearrayclassproperty.obj
c:\users\junaid\documents\visual studio 2013\projects\modelling\geomodtool\geox\windows\release\binaryobjectstreams.obj
c:\users\junaid\documents\visual studio 2013\projects\modelling\geomodtool\geox\windows\release\cameracontroller.obj
c:\users\junaid\documents\visual studio 2013\projects\modelling\geomodtool\geox\windows\release\walkthroughcameracontroller.obj
c:\users\junaid\documents\visual studio 2013\projects\modelling\geomodtool\geox\windows\release\glgeometryviewer.obj
c:\users\junaid\documents\visual studio 2013\projects\modelling\geomodtool\geox\windows\release\exampleexperiment3dgraphics.obj
c:\users\junaid\documents\visual studio 2013\projects\modelling\geomodtool\geox\windows\release\curvatureexperiment.obj
c:\users\junaid\documents\visual studio 2013\projects\modelling\geomodtool\geox\windows\release\exampleexperimentscatterplot.obj
c:\users\junaid\documents\visual studio 2013\projects\modelling\geomodtool\geox\windows\release\winmain.obj
c:\users\junaid\documents\visual studio 2013\projects\modelling\geomodtool\geox\windows\release\viewfrustum.obj
c:\users\junaid\documents\visual studio 2013\projects\modelling\geomodtool\geox\windows\release\classeditor.obj
c:\users\junaid\documents\visual studio 2013\projects\modelling\geomodtool\geox\windows\release\classproperty.obj
c:\users\junaid\documents\visual studio 2013\projects\modelling\geomodtool\geox\windows\release\exceptionhandling.obj
c:\users\junaid\documents\visual studio 2013\projects\modelling\geomodtool\geox\windows\release\object.obj
c:\users\junaid\documents\visual studio 2013\projects\modelling\geomodtool\geox\windows\release\generalkey.obj
c:\users\junaid\documents\visual studio 2013\projects\modelling\geomodtool\geox\windows\release\modifiers.obj
c:\users\junaid\documents\visual studio 2013\projects\modelling\geomodtool\geox\windows\release\objectbrowserwidget.obj
c:\users\junaid\documents\visual studio 2013\projects\modelling\geomodtool\geox\windows\release\imageloader.obj
c:\users\junaid\documents\visual studio 2013\projects\modelling\geomodtool\geox\windows\release\compoundclassproperty.obj
c:\users\junaid\documents\visual studio 2013\projects\modelling\geomodtool\geox\windows\release\elementeditor.obj
c:\users\junaid\documents\visual studio 2013\projects\modelling\geomodtool\geox\windows\release\enumerationelementeditor.obj
c:\users\junaid\documents\visual studio 2013\projects\modelling\geomodtool\geox\windows\release\fixedarrayelementeditor.obj
c:\users\junaid\documents\visual studio 2013\projects\modelling\geomodtool\geox\windows\release\numericalclassproperty.obj
c:\users\junaid\documents\visual studio 2013\projects\modelling\geomodtool\geox\windows\release\objectlistpropertyeditor.obj
c:\users\junaid\documents\visual studio 2013\projects\modelling\geomodtool\geox\windows\release\separatorpropertyeditor.obj
c:\users\junaid\documents\visual studio 2013\projects\modelling\geomodtool\geox\windows\release\structclassproperty.obj
c:\users\junaid\documents\visual studio 2013\projects\modelling\geomodtool\geox\windows\release\streamclasstable.obj
c:\users\junaid\documents\visual studio 2013\projects\modelling\geomodtool\geox\windows\release\glgeometryviewer3d.obj
c:\users\junaid\documents\visual studio 2013\projects\modelling\geomodtool\geox\windows\release\exampleexperiment2dgraphics.obj
c:\users\junaid\documents\visual studio 2013\projects\modelling\geomodtool\geox\windows\release\beziersubexperiment.obj
c:\users\junaid\documents\visual studio 2013\projects\modelling\geomodtool\geox\windows\release\polynomialinterpolation.obj
c:\users\junaid\documents\visual studio 2013\projects\modelling\geomodtool\geox\windows\release\dynamiclinearalgebra.obj
c:\users\junaid\documents\visual studio 2013\projects\modelling\geomodtool\geox\windows\release\dynamiclinearalgebratools.obj
c:\users\junaid\documents\visual studio 2013\projects\modelling\geomodtool\geox\windows\release\iterativesolvers.obj
c:\users\junaid\documents\visual studio 2013\projects\modelling\geomodtool\geox\windows\release\polarcoordinates.obj
c:\users\junaid\documents\visual studio 2013\projects\modelling\geomodtool\geox\windows\release\classcreator.obj
c:\users\junaid\documents\visual studio 2013\projects\modelling\geomodtool\geox\windows\release\classmethods.obj
c:\users\junaid\documents\visual studio 2013\projects\modelling\geomodtool\geox\windows\release\copyobjectproperties.obj
c:\users\junaid\documents\visual studio 2013\projects\modelling\geomodtool\geox\windows\release\hashtables.obj
c:\users\junaid\documents\visual studio 2013\projects\modelling\geomodtool\geox\windows\release\classselectiondialog.obj
c:\users\junaid\documents\visual studio 2013\projects\modelling\geomodtool\geox\windows\release\geoxoutput.obj
c:\users\junaid\documents\visual studio 2013\projects\modelling\geomodtool\geox\windows\release\popupwindow.obj
c:\users\junaid\documents\visual studio 2013\projects\modelling\geomodtool\geox\windows\release\verticalscrollview.obj
c:\users\junaid\documents\visual studio 2013\projects\modelling\geomodtool\geox\windows\release\qthelpers.obj
c:\users\junaid\documents\visual studio 2013\projects\modelling\geomodtool\geox\windows\release\booleanclassproperty.obj
c:\users\junaid\documents\visual studio 2013\projects\modelling\geomodtool\geox\windows\release\classtypeclassproperty.obj
c:\users\junaid\documents\visual studio 2013\projects\modelling\geomodtool\geox\windows\release\embeddedobjectclasspropertyeditor.obj
c:\users\junaid\documents\visual studio 2013\projects\modelling\geomodtool\geox\windows\release\enumerationpropertyeditor.obj
c:\users\junaid\documents\visual studio 2013\projects\modelling\geomodtool\geox\windows\release\filenamepropertyeditor.obj
c:\users\junaid\documents\visual studio 2013\projects\modelling\geomodtool\geox\windows\release\objectclassproperty.obj
c:\users\junaid\documents\visual studio 2013\projects\modelling\geomodtool\geox\windows\release\objectlistbase.obj
c:\users\junaid\documents\visual studio 2013\projects\modelling\geomodtool\geox\windows\release\objectlistproperty.obj
c:\users\junaid\documents\visual studio 2013\projects\modelling\geomodtool\geox\windows\release\objectpropertyeditor.obj
c:\users\junaid\documents\visual studio 2013\projects\modelling\geomodtool\geox\windows\release\singleclassproperty.obj
c:\users\junaid\documents\visual studio 2013\projects\modelling\geomodtool\geox\windows\release\stringpropertyeditor.obj
c:\users\junaid\documents\visual studio 2013\projects\modelling\geomodtool\geox\windows\release\variablearrayclasspropertyeditor.obj
c:\users\junaid\documents\visual studio 2013\projects\modelling\geomodtool\geox\windows\release\legacyclassnametranslation.obj
c:\users\junaid\documents\visual studio 2013\projects\modelling\geomodtool\geox\windows\release\camera.obj
c:\users\junaid\documents\visual studio 2013\projects\modelling\geomodtool\geox\windows\release\examinercameracontroller.obj
c:\users\junaid\documents\visual studio 2013\projects\modelling\geomodtool\geox\windows\release\geoxglwidget3d.obj
c:\users\junaid\documents\visual studio 2013\projects\modelling\geomodtool\geox\windows\release\exampleexperiment.obj
c:\users\junaid\documents\visual studio 2013\projects\modelling\geomodtool\geox\windows\release\experiment.obj
c:\users\junaid\documents\visual studio 2013\projects\modelling\geomodtool\geox\windows\release\initgeox.obj
c:\users\junaid\documents\visual studio 2013\projects\modelling\geomodtool\geox\windows\release\assignmenttwo.obj
c:\users\junaid\documents\visual studio 2013\projects\modelling\geomodtool\geox\windows\release\exampleexperimentfields.obj
c:\users\junaid\documents\visual studio 2013\projects\modelling\geomodtool\geox\windows\release\geoxmainwindow.obj
c:\users\junaid\documents\visual studio 2013\projects\modelling\geomodtool\geox\windows\release\persistent.obj
c:\users\junaid\documents\visual studio 2013\projects\modelling\geomodtool\geox\windows\release\filedialogs.obj
c:\users\junaid\documents\visual studio 2013\projects\modelling\geomodtool\geox\windows\release\methodbrowser.obj
c:\users\junaid\documents\visual studio 2013\projects\modelling\geomodtool\geox\windows\release\objectviewstable.obj
c:\users\junaid\documents\visual studio 2013\projects\modelling\geomodtool\geox\windows\release\classinstanceset.obj
c:\users\junaid\documents\visual studio 2013\projects\modelling\geomodtool\geox\windows\release\stringhelper.obj
c:\users\junaid\documents\visual studio 2013\projects\modelling\geomodtool\geox\windows\release\booleanpropertyeditor.obj
c:\users\junaid\documents\visual studio 2013\projects\modelling\geomodtool\geox\windows\release\classtypepropertyeditor.obj
c:\users\junaid\documents\visual studio 2013\projects\modelling\geomodtool\geox\windows\release\embeddedobjectclassproperty.obj
c:\users\junaid\documents\visual studio 2013\projects\modelling\geomodtool\geox\windows\release\fixedarrayclassproperty.obj
c:\users\junaid\documents\visual studio 2013\projects\modelling\geomodtool\geox\windows\release\objectelementeditor.obj
c:\users\junaid\documents\visual studio 2013\projects\modelling\geomodtool\geox\windows\release\separatorclassproperty.obj
c:\users\junaid\documents\visual studio 2013\projects\modelling\geomodtool\geox\windows\release\stringclassproperty.obj
c:\users\junaid\documents\visual studio 2013\projects\modelling\geomodtool\geox\windows\release\variablearrayelementeditor.obj
c:\users\junaid\documents\visual studio 2013\projects\modelling\geomodtool\geox\windows\release\objectstreams.obj
c:\users\junaid\documents\visual studio 2013\projects\modelling\geomodtool\geox\windows\release\geoxglwidget.obj
c:\users\junaid\documents\visual studio 2013\projects\modelling\geomodtool\geox\windows\release\logoviewer.obj
c:\users\junaid\documents\visual studio 2013\projects\modelling\geomodtool\geox\windows\release\exampleexperimentmarchingcubes.obj
c:\users\junaid\documents\visual studio 2013\projects\modelling\geomodtool\geox\geox\moc\geoxmainwindow_moc.cpp
c:\users\junaid\documents\visual studio 2013\projects\modelling\geomodtool\geox\system\gui\moc\classselectiondialog_moc.cpp
c:\users\junaid\documents\visual studio 2013\projects\modelling\geomodtool\geox\system\gui\moc\memberbrowser_moc.cpp
c:\users\junaid\documents\visual studio 2013\projects\modelling\geomodtool\geox\system\gui\moc\methodbrowser_moc.cpp
c:\users\junaid\documents\visual studio 2013\projects\modelling\geomodtool\geox\system\gui\moc\objectbrowserwidget_moc.cpp
c:\users\junaid\documents\visual studio 2013\projects\modelling\geomodtool\geox\system\gui\moc\objectcreationdialog_moc.cpp
c:\users\junaid\documents\visual studio 2013\projects\modelling\geomodtool\geox\system\gui\moc\popupwindow_moc.cpp
c:\users\junaid\documents\visual studio 2013\projects\modelling\geomodtool\geox\system\gui\moc\propertybrowser_moc.cpp
c:\users\junaid\documents\visual studio 2013\projects\modelling\geomodtool\geox\system\gui\moc\verticalscrollview_moc.cpp
c:\users\junaid\documents\visual studio 2013\projects\modelling\geomodtool\geox\system\properties\moc\booleanelementeditor_moc.cpp
c:\users\junaid\documents\visual studio 2013\projects\modelling\geomodtool\geox\system\properties\moc\classtypeclasspropertyeditorwidget_moc.cpp
c:\users\junaid\documents\visual studio 2013\projects\modelling\geomodtool\geox\system\properties\moc\elementeditor_moc.cpp
c:\users\junaid\documents\visual studio 2013\projects\modelling\geomodtool\geox\system\properties\moc\embeddedobjectelementeditor_moc.cpp
c:\users\junaid\documents\visual studio 2013\projects\modelling\geomodtool\geox\system\properties\moc\enumerationelementeditor_moc.cpp
c:\users\junaid\documents\visual studio 2013\projects\modelling\geomodtool\geox\system\properties\moc\filenameelementeditor_moc.cpp
c:\users\junaid\documents\visual studio 2013\projects\modelling\geomodtool\geox\system\properties\moc\objectelementeditor_moc.cpp
c:\users\junaid\documents\visual studio 2013\projects\modelling\geomodtool\geox\system\properties\moc\objectlistelementeditor_moc.cpp
c:\users\junaid\documents\visual studio 2013\projects\modelling\geomodtool\geox\system\properties\moc\stringelementeditor_moc.cpp
c:\users\junaid\documents\visual studio 2013\projects\modelling\geomodtool\geox\system\properties\moc\variablearrayelementeditor_moc.cpp
c:\users\junaid\documents\visual studio 2013\projects\modelling\geomodtool\geox\viewers\widgets\moc\geoxglwidget_moc.cpp
c:\users\junaid\documents\visual studio 2013\projects\modelling\geomodtool\geox\viewers\widgets\moc\geoxglwidget3d_moc.cpp
c:\users\junaid\documents\visual studio 2013\projects\modelling\geomodtool\geox\viewers\widgets\moc\glgeometryviewer_moc.cpp
c:\users\junaid\documents\visual studio 2013\projects\modelling\geomodtool\geox\viewers\widgets\moc\glgeometryviewer3d_moc.cpp
c:\users\junaid\documents\visual studio 2013\projects\modelling\geomodtool\geox\viewers\widgets\moc\logoviewer_moc.cpp
c:\users\junaid\documents\visual studio 2013\projects\modelling\geomodtool\geox\geox\ui_geoxmainwindowdesigner.h
c:\users\junaid\documents\visual studio 2013\projects\modelling\geomodtool\geox\system\gui\ui_objectbrowserwidgetdesigner.h
c:\users\junaid\documents\visual studio 2013\projects\modelling\geomodtool\geox\system\gui\ui_objectcreationdialogdesigner.h
c:\users\junaid\documents\visual studio 2013\projects\modelling\geomodtool\geox\viewers\widgets\ui_glgeometryviewer3ddesigner.h
c:\users\junaid\documents\visual studio 2013\projects\modelling\geomodtool\geox\viewers\widgets\ui_glgeometryviewerdesigner.h
c:\users\junaid\documents\visual studio 2013\projects\modelling\geomodtool\geox\viewers\widgets\ui_logoviewerdesigner.h
c:\users\junaid\documents\visual studio 2013\projects\modelling\geomodtool\geox\images\moc\geox_rcc.h
c:\users\junaid\documents\visual studio 2013\projects\modelling\geomodtool\geox\windows\release\geox_vs2013.exe
c:\users\junaid\documents\visual studio 2013\projects\modelling\geomodtool\geox\windows\release\geox_vs2013.pdb
c:\users\junaid\documents\visual studio 2013\projects\modelling\geomodtool\geox\windows\release\geox_vs2013.tlog\cl.command.1.tlog
c:\users\junaid\documents\visual studio 2013\projects\modelling\geomodtool\geox\windows\release\geox_vs2013.tlog\cl.read.1.tlog
c:\users\junaid\documents\visual studio 2013\projects\modelling\geomodtool\geox\windows\release\geox_vs2013.tlog\cl.write.1.tlog
c:\users\junaid\documents\visual studio 2013\projects\modelling\geomodtool\geox\windows\release\geox_vs2013.tlog\custombuild.command.1.tlog
c:\users\junaid\documents\visual studio 2013\projects\modelling\geomodtool\geox\windows\release\geox_vs2013.tlog\custombuild.read.1.tlog
c:\users\junaid\documents\visual studio 2013\projects\modelling\geomodtool\geox\windows\release\geox_vs2013.tlog\custombuild.write.1.tlog
c:\users\junaid\documents\visual studio 2013\projects\modelling\geomodtool\geox\windows\release\geox_vs2013.tlog\link.command.1.tlog
c:\users\junaid\documents\visual studio 2013\projects\modelling\geomodtool\geox\windows\release\geox_vs2013.tlog\link.read.1.tlog
c:\users\junaid\documents\visual studio 2013\projects\modelling\geomodtool\geox\windows\release\geox_vs2013.tlog\link.write.1.tlog
